[2014-05-19 04:04:29] defaultLogger.ERROR: SQLSTATE[23000]: Integrity constraint violation: 1062 Duplicate entry 'Adios' for key 'PRIMARY' [] []
[2014-05-19 04:05:41] defaultLogger.ERROR: SQLSTATE[23000]: Integrity constraint violation: 1062 Duplicate entry 'Adios' for key 'PRIMARY' [] []
[2014-05-24 15:34:36] defaultLogger.ERROR: SQLSTATE[42000]: Syntax error or access violation: 1064 You have an error in your SQL syntax; check the manual that corresponds to your MySQL server version for the right syntax to use near '' at line 1 [] []
[2014-05-24 15:35:00] defaultLogger.ERROR: SQLSTATE[42000]: Syntax error or access violation: 1064 You have an error in your SQL syntax; check the manual that corresponds to your MySQL server version for the right syntax to use near 'FROM' at line 1 [] []
[2014-05-24 15:35:54] defaultLogger.ERROR: SQLSTATE[42000]: Syntax error or access violation: 1064 You have an error in your SQL syntax; check the manual that corresponds to your MySQL server version for the right syntax to use near 'FROM' at line 1 [] []
[2014-05-24 15:36:54] defaultLogger.ERROR: SQLSTATE[42000]: Syntax error or access violation: 1064 You have an error in your SQL syntax; check the manual that corresponds to your MySQL server version for the right syntax to use near 'FROM' at line 1 [] []
[2014-05-24 15:37:03] defaultLogger.ERROR: SQLSTATE[42000]: Syntax error or access violation: 1064 You have an error in your SQL syntax; check the manual that corresponds to your MySQL server version for the right syntax to use near 'FROM' at line 1 [] []
[2014-05-24 15:39:45] defaultLogger.ERROR: SQLSTATE[42000]: Syntax error or access violation: 1064 You have an error in your SQL syntax; check the manual that corresponds to your MySQL server version for the right syntax to use near 'FROM' at line 1 [] []
[2014-05-24 15:40:22] defaultLogger.ERROR: SQLSTATE[42000]: Syntax error or access violation: 1064 You have an error in your SQL syntax; check the manual that corresponds to your MySQL server version for the right syntax to use near 'FROM' at line 1 [] []
[2014-05-24 15:40:41] defaultLogger.ERROR: SQLSTATE[42000]: Syntax error or access violation: 1064 You have an error in your SQL syntax; check the manual that corresponds to your MySQL server version for the right syntax to use near 'FROM' at line 1 [] []
[2014-05-24 15:41:51] defaultLogger.ERROR: SQLSTATE[42000]: Syntax error or access violation: 1064 You have an error in your SQL syntax; check the manual that corresponds to your MySQL server version for the right syntax to use near 'FROM' at line 1 [] []
[2014-05-24 15:44:18] defaultLogger.ERROR: SQLSTATE[42000]: Syntax error or access violation: 1064 You have an error in your SQL syntax; check the manual that corresponds to your MySQL server version for the right syntax to use near 'FROM `producto` WHERE producto.ID_PROD='Adios'' at line 1 [] []
[2014-05-24 15:55:21] defaultLogger.ERROR: SQLSTATE[42000]: Syntax error or access violation: 1064 You have an error in your SQL syntax; check the manual that corresponds to your MySQL server version for the right syntax to use near 'FROM `producto` WHERE producto.ID_PROD='Adios'' at line 1 [] []
[2014-05-24 15:55:23] defaultLogger.ERROR: SQLSTATE[42000]: Syntax error or access violation: 1064 You have an error in your SQL syntax; check the manual that corresponds to your MySQL server version for the right syntax to use near 'FROM `producto` WHERE producto.ID_PROD='Adios'' at line 1 [] []
[2014-05-24 16:00:33] defaultLogger.ERROR: SQLSTATE[42000]: Syntax error or access violation: 1064 You have an error in your SQL syntax; check the manual that corresponds to your MySQL server version for the right syntax to use near 'FROM `producto` WHERE producto.ID_PROD='Adios'' at line 1 [] []
[2014-05-24 16:00:43] defaultLogger.ERROR: SQLSTATE[42000]: Syntax error or access violation: 1064 You have an error in your SQL syntax; check the manual that corresponds to your MySQL server version for the right syntax to use near 'FROM `producto` WHERE producto.ID_PROD='Adios'' at line 1 [] []
[2014-05-24 16:09:09] defaultLogger.ERROR: SQLSTATE[42000]: Syntax error or access violation: 1064 You have an error in your SQL syntax; check the manual that corresponds to your MySQL server version for the right syntax to use near 'FROM `producto` WHERE producto.ID_PROD='Adios'' at line 1 [] []
[2014-05-24 16:12:22] defaultLogger.ERROR: SQLSTATE[42000]: Syntax error or access violation: 1064 You have an error in your SQL syntax; check the manual that corresponds to your MySQL server version for the right syntax to use near 'FROM `producto` WHERE producto.ID_PROD='Adios'' at line 1 [] []
[2014-05-24 16:16:32] defaultLogger.ERROR: SQLSTATE[42000]: Syntax error or access violation: 1064 You have an error in your SQL syntax; check the manual that corresponds to your MySQL server version for the right syntax to use near 'FROM `producto` WHERE producto.ID_PROD='Adios'' at line 1 [] []
[2014-05-24 16:16:53] defaultLogger.ERROR: SQLSTATE[42000]: Syntax error or access violation: 1064 You have an error in your SQL syntax; check the manual that corresponds to your MySQL server version for the right syntax to use near 'FROM `producto` WHERE producto.NOMBRE='Adios'' at line 1 [] []
[2014-05-24 16:27:14] defaultLogger.ERROR: SQLSTATE[42000]: Syntax error or access violation: 1064 You have an error in your SQL syntax; check the manual that corresponds to your MySQL server version for the right syntax to use near 'FROM `producto` WHERE producto.NOMBRE='Adios'' at line 1 [] []
[2014-05-24 16:41:40] defaultLogger.ERROR: SQLSTATE[42000]: Syntax error or access violation: 1064 You have an error in your SQL syntax; check the manual that corresponds to your MySQL server version for the right syntax to use near 'AS "porcetaje_red" FROM `precio` WHERE cod_producto='Adios' and  CAST(now() AS D' at line 1 [] []
[2014-05-24 16:48:45] defaultLogger.ERROR: SQLSTATE[42000]: Syntax error or access violation: 1064 You have an error in your SQL syntax; check the manual that corresponds to your MySQL server version for the right syntax to use near 'AS "precio",  AS "porcetaje", producto.UNIDADES AS "unidades", producto.CATEGORI' at line 1 [] []
[2014-05-24 16:53:32] defaultLogger.ERROR: SQLSTATE[42000]: Syntax error or access violation: 1064 You have an error in your SQL syntax; check the manual that corresponds to your MySQL server version for the right syntax to use near 'AS "precio",  AS "porcetaje", producto.UNIDADES AS "unidades", producto.CATEGORI' at line 1 [] []
[2014-05-24 16:54:18] defaultLogger.ERROR: SQLSTATE[42000]: Syntax error or access violation: 1064 You have an error in your SQL syntax; check the manual that corresponds to your MySQL server version for the right syntax to use near 'FROM `producto` WHERE producto.ID_PROD='Adios' LIMIT 1' at line 1 [] []
[2014-05-24 16:55:44] defaultLogger.ERROR: SQLSTATE[42S22]: Column not found: 1054 Unknown column 'Adios' in 'where clause' [] []
[2014-05-24 17:04:48] defaultLogger.ERROR: SQLSTATE[42000]: Syntax error or access violation: 1064 You have an error in your SQL syntax; check the manual that corresponds to your MySQL server version for the right syntax to use near 'FROM `precio` WHERE precio.COD_PRODUCTO='1'' at line 1 [] []
[2014-05-24 17:05:43] defaultLogger.ERROR: SQLSTATE[42000]: Syntax error or access violation: 1064 You have an error in your SQL syntax; check the manual that corresponds to your MySQL server version for the right syntax to use near 'FROM `precio` WHERE precio.ID_PRECIO='1'' at line 1 [] []
[2014-05-24 17:24:32] defaultLogger.ERROR: SQLSTATE[42000]: Syntax error or access violation: 1064 You have an error in your SQL syntax; check the manual that corresponds to your MySQL server version for the right syntax to use near 'FROM `precio` WHERE precio.ID_PRECIO='2'' at line 1 [] []
[2014-05-24 17:31:49] defaultLogger.ERROR: SQLSTATE[23000]: Integrity constraint violation: 1452 Cannot add or update a child row: a foreign key constraint fails (`uvshop`.`factura`, CONSTRAINT `factura_ibfk_1` FOREIGN KEY (`id_cliente`) REFERENCES `producto` (`id_prod`) ON DELETE CASCADE) [] []
[2014-05-24 17:31:59] defaultLogger.ERROR: SQLSTATE[23000]: Integrity constraint violation: 1452 Cannot add or update a child row: a foreign key constraint fails (`uvshop`.`factura`, CONSTRAINT `factura_ibfk_1` FOREIGN KEY (`id_cliente`) REFERENCES `producto` (`id_prod`) ON DELETE CASCADE) [] []
[2014-05-24 17:53:22] defaultLogger.ERROR: SQLSTATE[42000]: Syntax error or access violation: 1064 You have an error in your SQL syntax; check the manual that corresponds to your MySQL server version for the right syntax to use near 'FROM `producto` WHERE producto.ID_PROD='Adios' LIMIT 1' at line 1 [] []
[2014-05-24 17:56:37] defaultLogger.ERROR: SQLSTATE[42000]: Syntax error or access violation: 1064 You have an error in your SQL syntax; check the manual that corresponds to your MySQL server version for the right syntax to use near 'FROM `producto` WHERE producto.ID_PROD='Adios' LIMIT 1' at line 1 [] []
[2014-05-24 18:03:01] defaultLogger.ERROR: SQLSTATE[42000]: Syntax error or access violation: 1064 You have an error in your SQL syntax; check the manual that corresponds to your MySQL server version for the right syntax to use near '' at line 1 [] []
[2014-05-24 18:03:26] defaultLogger.ERROR: SQLSTATE[42000]: Syntax error or access violation: 1064 You have an error in your SQL syntax; check the manual that corresponds to your MySQL server version for the right syntax to use near '' at line 1 [] []
[2014-05-24 18:03:42] defaultLogger.ERROR: SQLSTATE[42000]: Syntax error or access violation: 1064 You have an error in your SQL syntax; check the manual that corresponds to your MySQL server version for the right syntax to use near '' at line 1 [] []
[2014-05-24 18:57:00] defaultLogger.ERROR: SQLSTATE[23000]: Integrity constraint violation: 1452 Cannot add or update a child row: a foreign key constraint fails (`uvshop`.`promocion`, CONSTRAINT `promocion_ibfk_1` FOREIGN KEY (`cod_producto`) REFERENCES `producto` (`id_prod`) ON DELETE CASCADE ON UPDATE CASCADE) [] []
[2014-05-26 12:19:20] defaultLogger.ERROR: SQLSTATE[42S22]: Column not found: 1054 Unknown column 'unidades' in 'field list' [] []
[2014-05-26 12:19:56] defaultLogger.ERROR: SQLSTATE[42S22]: Column not found: 1054 Unknown column 'precio.fecha_ini' in 'where clause' [] []
[2014-05-26 12:21:00] defaultLogger.ERROR: SQLSTATE[42S22]: Column not found: 1054 Unknown column 'precio.fecha_ini' in 'where clause' [] []
[2014-05-26 12:22:42] defaultLogger.ERROR: SQLSTATE[42S22]: Column not found: 1054 Unknown column 'precio.fecha_ini' in 'where clause' [] []
[2014-05-26 12:24:26] defaultLogger.ERROR: SQLSTATE[42S22]: Column not found: 1054 Unknown column 'precio.fecha_ini' in 'where clause' [] []
[2014-05-26 12:24:50] defaultLogger.ERROR: SQLSTATE[42S22]: Column not found: 1054 Unknown column 'precio.fecha_ini' in 'where clause' [] []
[2014-05-26 12:25:56] defaultLogger.ERROR: SQLSTATE[42S22]: Column not found: 1054 Unknown column 'precio.fecha_ini' in 'where clause' [] []
[2014-05-26 12:26:46] defaultLogger.ERROR: SQLSTATE[42S22]: Column not found: 1054 Unknown column 'precio.fecha_ini' in 'where clause' [] []
[2014-05-26 12:26:51] defaultLogger.ERROR: SQLSTATE[42S22]: Column not found: 1054 Unknown column 'precio.fecha_ini' in 'where clause' [] []
[2014-05-26 12:26:57] defaultLogger.ERROR: SQLSTATE[42S22]: Column not found: 1054 Unknown column 'precio.fecha_ini' in 'where clause' [] []
[2014-05-26 12:27:50] defaultLogger.ERROR: SQLSTATE[42S22]: Column not found: 1054 Unknown column 'precio.fecha_ini' in 'where clause' [] []
[2014-05-26 12:28:37] defaultLogger.ERROR: SQLSTATE[42S22]: Column not found: 1054 Unknown column 'precio.fecha_ini' in 'where clause' [] []
[2014-05-26 12:30:53] defaultLogger.ERROR: SQLSTATE[23000]: Integrity constraint violation: 1452 Cannot add or update a child row: a foreign key constraint fails (`uvshop`.`compra`, CONSTRAINT `compra_ibfk_1` FOREIGN KEY (`id_factura`) REFERENCES `factura` (`id_factura`) ON DELETE CASCADE) [] []
[2014-06-05 00:34:03] defaultLogger.ERROR: SQLSTATE[23000]: Integrity constraint violation: 1062 Duplicate entry '012' for key 'PRIMARY' [] []
[2014-06-05 00:35:50] defaultLogger.ERROR: SQLSTATE[23000]: Integrity constraint violation: 1062 Duplicate entry '012' for key 'PRIMARY' [] []
[2014-06-05 00:36:10] defaultLogger.ERROR: SQLSTATE[23000]: Integrity constraint violation: 1062 Duplicate entry '012' for key 'PRIMARY' [] []
